Copyright 1986-2021 Xilinx, Inc. All Rights Reserved.
-----------------------------------------------------------------------------------------
| Tool Version : Vivado v.2021.1 (win64) Build 3247384 Thu Jun 10 19:36:33 MDT 2021
| Date         : Wed Jul 31 14:02:39 2024
| Host         : BF-202404122023 running 64-bit major release  (build 9200)
| Command      : report_control_sets -verbose -file eth_udp_loop_control_sets_placed.rpt
| Design       : eth_udp_loop
| Device       : xc7z020
-----------------------------------------------------------------------------------------

Control Set Information

Table of Contents
-----------------
1. Summary
2. Histogram
3. Flip-Flop Distribution
4. Detailed Control Set Information

1. Summary
----------

+----------------------------------------------------------+-------+
|                          Status                          | Count |
+----------------------------------------------------------+-------+
| Total control sets                                       |    76 |
|    Minimum number of control sets                        |    76 |
|    Addition due to synthesis replication                 |     0 |
|    Addition due to physical synthesis replication        |     0 |
| Unused register locations in slices containing registers |    99 |
+----------------------------------------------------------+-------+
* Control sets can be merged at opt_design using control_set_merge or merge_equivalent_drivers
** Run report_qor_suggestions for automated merging and remapping suggestions


2. Histogram
------------

+--------------------+-------+
|       Fanout       | Count |
+--------------------+-------+
| Total control sets |    76 |
| >= 0 to < 4        |     3 |
| >= 4 to < 6        |     8 |
| >= 6 to < 8        |     1 |
| >= 8 to < 10       |    21 |
| >= 10 to < 12      |     0 |
| >= 12 to < 14      |     0 |
| >= 14 to < 16      |     0 |
| >= 16              |    43 |
+--------------------+-------+
* Control sets can be remapped at either synth_design or opt_design


3. Flip-Flop Distribution
-------------------------

+--------------+-----------------------+------------------------+-----------------+--------------+
| Clock Enable | Synchronous Set/Reset | Asynchronous Set/Reset | Total Registers | Total Slices |
+--------------+-----------------------+------------------------+-----------------+--------------+
| No           | No                    | No                     |              96 |           18 |
| No           | No                    | Yes                    |             113 |           62 |
| No           | Yes                   | No                     |               0 |            0 |
| Yes          | No                    | No                     |              97 |           39 |
| Yes          | No                    | Yes                    |            1307 |          426 |
| Yes          | Yes                   | No                     |              96 |           36 |
+--------------+-----------------------+------------------------+-----------------+--------------+


4. Detailed Control Set Information
-----------------------------------

+-----------------------------------------+---------------------------------------------------------------------------------------------------+-----------------------------------------------------------------------------------------------------------------------------------------------+------------------+----------------+--------------+
|               Clock Signal              |                                           Enable Signal                                           |                                                                Set/Reset Signal                                                               | Slice Load Count | Bel Load Count | Bels / Slice |
+-----------------------------------------+---------------------------------------------------------------------------------------------------+-----------------------------------------------------------------------------------------------------------------------------------------------+------------------+----------------+--------------+
|  u_gmii_to_rgmii/u_rgmii_rx/gmii_rx_clk |                                                                                                   | u_async_fifo_2048x8b/U0/inst_fifo_gen/gconvfifo.rf/grf.rf/rstblk/ngwrdrst.grst.g7serrst.gnsckt_wrst.gic_rst.sckt_rd_rst_ic_reg_0[0]           |                1 |              2 |         2.00 |
|  u_gmii_to_rgmii/u_rgmii_rx/gmii_rx_clk |                                                                                                   | u_async_fifo_2048x8b/U0/inst_fifo_gen/gconvfifo.rf/grf.rf/rstblk/rst_d2                                                                       |                1 |              2 |         2.00 |
|  u_gmii_to_rgmii/u_rgmii_rx/gmii_rx_clk |                                                                                                   | u_async_fifo_2048x8b/U0/inst_fifo_gen/gconvfifo.rf/grf.rf/rstblk/ngwrdrst.grst.g7serrst.gnsckt_wrst.gic_rst.rst_rd_reg2_inst/arststages_ff[1] |                2 |              3 |         1.50 |
|  u_gmii_to_rgmii/u_rgmii_rx/gmii_rx_clk | u_icmp/u_icmp_rx/cnt0                                                                             | u_icmp/u_icmp_rx/sys_rst_n                                                                                                                    |                5 |              5 |         1.00 |
|  u_gmii_to_rgmii/u_rgmii_rx/gmii_rx_clk | u_udp/u_udp_rx/cnt0                                                                               | u_icmp/u_icmp_rx/sys_rst_n                                                                                                                    |                3 |              5 |         1.67 |
|  u_gmii_to_rgmii/u_rgmii_rx/gmii_rx_clk | u_udp/u_udp_tx/cnt0                                                                               | u_icmp/u_icmp_rx/sys_rst_n                                                                                                                    |                4 |              5 |         1.25 |
|  u_gmii_to_rgmii/u_rgmii_rx/gmii_rx_clk | u_icmp/u_icmp_tx/cnt0                                                                             | u_icmp/u_icmp_rx/sys_rst_n                                                                                                                    |                4 |              5 |         1.25 |
|  u_gmii_to_rgmii/u_rgmii_rx/gmii_rx_clk | u_udp/u_udp_tx/real_add_cnt0                                                                      | u_icmp/u_icmp_rx/sys_rst_n                                                                                                                    |                2 |              5 |         2.50 |
|  u_gmii_to_rgmii/u_rgmii_rx/gmii_rx_clk | u_arp/u_arp_rx/cnt                                                                                | u_icmp/u_icmp_rx/sys_rst_n                                                                                                                    |                3 |              5 |         1.67 |
|  u_gmii_to_rgmii/u_rgmii_rx/gmii_rx_clk | u_arp/u_arp_tx/data_cnt[4]_i_1_n_0                                                                | u_icmp/u_icmp_rx/sys_rst_n                                                                                                                    |                3 |              5 |         1.67 |
|  u_gmii_to_rgmii/u_rgmii_rx/gmii_rx_clk | u_icmp/u_icmp_tx/real_add_cnt0                                                                    | u_icmp/u_icmp_rx/sys_rst_n                                                                                                                    |                2 |              5 |         2.50 |
|  u_gmii_to_rgmii/u_rgmii_rx/gmii_rx_clk | u_arp/u_arp_tx/cnt[5]_i_1_n_0                                                                     | u_icmp/u_icmp_rx/sys_rst_n                                                                                                                    |                6 |              6 |         1.00 |
|  u_gmii_to_rgmii/u_rgmii_rx/gmii_rx_clk | u_icmp/u_icmp_rx/total_length[15]_i_1_n_0                                                         | u_icmp/u_icmp_rx/sys_rst_n                                                                                                                    |                1 |              8 |         8.00 |
|  u_gmii_to_rgmii/u_rgmii_rx/gmii_rx_clk | u_udp/u_udp_rx/eth_type[15]_i_1__1_n_0                                                            | u_icmp/u_icmp_rx/sys_rst_n                                                                                                                    |                2 |              8 |         4.00 |
|  u_gmii_to_rgmii/u_rgmii_rx/gmii_rx_clk | u_icmp/u_icmp_rx/eth_type[15]_i_1__0_n_0                                                          | u_icmp/u_icmp_rx/sys_rst_n                                                                                                                    |                3 |              8 |         2.67 |
|  u_gmii_to_rgmii/u_rgmii_rx/gmii_rx_clk | u_udp/u_udp_rx/udp_byte_num[15]_i_1_n_0                                                           | u_icmp/u_icmp_rx/sys_rst_n                                                                                                                    |                2 |              8 |         4.00 |
|  u_gmii_to_rgmii/u_rgmii_rx/gmii_rx_clk | u_icmp/u_icmp_rx/icmp_id[15]_i_1_n_0                                                              | u_icmp/u_icmp_rx/sys_rst_n                                                                                                                    |                1 |              8 |         8.00 |
|  u_gmii_to_rgmii/u_rgmii_rx/gmii_rx_clk | u_icmp/u_icmp_rx/icmp_id[7]_i_1_n_0                                                               | u_icmp/u_icmp_rx/sys_rst_n                                                                                                                    |                3 |              8 |         2.67 |
|  u_gmii_to_rgmii/u_rgmii_rx/gmii_rx_clk | u_arp/u_arp_rx/eth_type[11]                                                                       | u_icmp/u_icmp_rx/sys_rst_n                                                                                                                    |                3 |              8 |         2.67 |
|  u_gmii_to_rgmii/u_rgmii_rx/gmii_rx_clk | u_icmp/u_icmp_rx/icmp_rx_data_d00                                                                 | u_icmp/u_icmp_rx/sys_rst_n                                                                                                                    |                3 |              8 |         2.67 |
|  u_gmii_to_rgmii/u_rgmii_rx/gmii_rx_clk | u_arp/u_arp_tx/gmii_txd[7]_i_1_n_0                                                                | u_icmp/u_icmp_rx/sys_rst_n                                                                                                                    |                5 |              8 |         1.60 |
|  u_gmii_to_rgmii/u_rgmii_rx/gmii_rx_clk | u_icmp/u_icmp_tx/gmii_tx_en0                                                                      | u_icmp/u_icmp_rx/sys_rst_n                                                                                                                    |                4 |              8 |         2.00 |
|  u_gmii_to_rgmii/u_rgmii_rx/gmii_rx_clk | u_icmp/u_icmp_rx/icmp_seq[15]_i_1_n_0                                                             | u_icmp/u_icmp_rx/sys_rst_n                                                                                                                    |                1 |              8 |         8.00 |
|  u_gmii_to_rgmii/u_rgmii_rx/gmii_rx_clk | u_udp/u_udp_rx/udp_byte_num[7]_i_1_n_0                                                            | u_icmp/u_icmp_rx/sys_rst_n                                                                                                                    |                2 |              8 |         4.00 |
|  u_gmii_to_rgmii/u_rgmii_rx/gmii_rx_clk | u_arp/u_arp_rx/op_data[15]                                                                        | u_icmp/u_icmp_rx/sys_rst_n                                                                                                                    |                3 |              8 |         2.67 |
|  u_gmii_to_rgmii/u_rgmii_rx/gmii_rx_clk | u_icmp/u_icmp_rx/icmp_seq[7]_i_1_n_0                                                              | u_icmp/u_icmp_rx/sys_rst_n                                                                                                                    |                3 |              8 |         2.67 |
|  u_gmii_to_rgmii/u_rgmii_rx/gmii_rx_clk | u_icmp/u_icmp_rx/icmp_type0                                                                       | u_icmp/u_icmp_rx/sys_rst_n                                                                                                                    |                2 |              8 |         4.00 |
|  u_gmii_to_rgmii/u_rgmii_rx/gmii_rx_clk | u_arp/u_arp_rx/op_data[0]                                                                         | u_icmp/u_icmp_rx/sys_rst_n                                                                                                                    |                2 |              8 |         4.00 |
|  u_gmii_to_rgmii/u_rgmii_rx/gmii_rx_clk | u_icmp/u_icmp_rx/total_length[7]_i_1_n_0                                                          | u_icmp/u_icmp_rx/sys_rst_n                                                                                                                    |                1 |              8 |         8.00 |
|  u_gmii_to_rgmii/u_rgmii_rx/gmii_rx_clk | u_icmp/u_icmp_rx/rec_en_reg_0[0]                                                                  | u_icmp/u_icmp_rx/sys_rst_n                                                                                                                    |                3 |              8 |         2.67 |
|  u_gmii_to_rgmii/u_rgmii_rx/gmii_rx_clk | u_udp/u_udp_tx/gmii_tx_en0                                                                        | u_icmp/u_icmp_rx/sys_rst_n                                                                                                                    |                6 |              8 |         1.33 |
|  u_gmii_to_rgmii/u_rgmii_rx/gmii_rx_clk |                                                                                                   | u_async_fifo_2048x8b/U0/inst_fifo_gen/gconvfifo.rf/grf.rf/rstblk/ngwrdrst.grst.g7serrst.gnsckt_wrst.rst_wr_reg2_inst/arststages_ff[1]         |                2 |              9 |         4.50 |
|  u_gmii_to_rgmii/u_rgmii_rx/gmii_rx_clk | u_eth_ctrl/gmii_tx_en_i_1__1_n_0                                                                  | u_icmp/u_icmp_rx/sys_rst_n                                                                                                                    |                3 |              9 |         3.00 |
|  u_gmii_to_rgmii/u_rgmii_rx/gmii_rx_clk | u_udp/u_udp_rx/data_byte_num0                                                                     | u_icmp/u_icmp_rx/sys_rst_n                                                                                                                    |                6 |             16 |         2.67 |
|  u_gmii_to_rgmii/u_rgmii_rx/gmii_rx_clk | u_gmii_to_rgmii/u_rgmii_rx/E[0]                                                                   | u_icmp/u_icmp_rx/sys_rst_n                                                                                                                    |                3 |             16 |         5.33 |
|  u_gmii_to_rgmii/u_rgmii_rx/gmii_rx_clk | u_icmp/u_icmp_tx/ip_head[2][15]_i_2_n_0                                                           | u_icmp/u_icmp_tx/ip_head[2][15]_i_1_n_0                                                                                                       |                8 |             16 |         2.00 |
|  u_gmii_to_rgmii/u_rgmii_rx/gmii_rx_clk | u_udp/u_udp_tx/E[0]                                                                               | u_icmp/u_icmp_rx/sys_rst_n                                                                                                                    |                5 |             16 |         3.20 |
|  u_gmii_to_rgmii/u_rgmii_rx/gmii_rx_clk | u_icmp/u_icmp_tx/ip_head[5][15]_i_1_n_0                                                           |                                                                                                                                               |               10 |             16 |         1.60 |
|  u_gmii_to_rgmii/u_rgmii_rx/gmii_rx_clk | u_udp/u_udp_tx/ip_head[2][15]_i_2__0_n_0                                                          | u_udp/u_udp_tx/ip_head[2][15]_i_1__0_n_0                                                                                                      |                7 |             16 |         2.29 |
|  u_gmii_to_rgmii/u_rgmii_rx/gmii_rx_clk | u_udp/u_udp_tx/data_cnt0                                                                          | u_icmp/u_icmp_rx/sys_rst_n                                                                                                                    |                4 |             16 |         4.00 |
|  u_gmii_to_rgmii/u_rgmii_rx/gmii_rx_clk | u_icmp/u_icmp_rx/icmp_data_length0                                                                | u_icmp/u_icmp_rx/sys_rst_n                                                                                                                    |                5 |             16 |         3.20 |
|  u_gmii_to_rgmii/u_rgmii_rx/gmii_rx_clk | u_icmp/u_icmp_tx/data_cnt0                                                                        | u_icmp/u_icmp_rx/sys_rst_n                                                                                                                    |                4 |             16 |         4.00 |
|  u_gmii_to_rgmii/u_rgmii_rx/gmii_rx_clk | u_icmp/u_icmp_tx/E[0]                                                                             | u_icmp/u_icmp_rx/sys_rst_n                                                                                                                    |                5 |             16 |         3.20 |
|  u_gmii_to_rgmii/u_rgmii_rx/gmii_rx_clk | u_udp/u_udp_rx/rec_pkt_done_i_1__0_n_0                                                            | u_icmp/u_icmp_rx/sys_rst_n                                                                                                                    |                4 |             16 |         4.00 |
|  u_gmii_to_rgmii/u_rgmii_rx/gmii_rx_clk | u_udp/u_udp_tx/check_buffer0                                                                      | u_icmp/u_icmp_rx/sys_rst_n                                                                                                                    |                9 |             20 |         2.22 |
|  u_gmii_to_rgmii/u_rgmii_rx/gmii_rx_clk | u_icmp/u_icmp_tx/check_buffer0                                                                    | u_icmp/u_icmp_rx/sys_rst_n                                                                                                                    |                9 |             20 |         2.22 |
|  u_gmii_to_rgmii/u_rgmii_rx/gmii_rx_clk | u_async_fifo_2048x8b/U0/inst_fifo_gen/gconvfifo.rf/grf.rf/gntv_or_sync_fifo.gl0.rd/gras.rsts/E[0] | u_async_fifo_2048x8b/U0/inst_fifo_gen/gconvfifo.rf/grf.rf/rstblk/ngwrdrst.grst.g7serrst.gnsckt_wrst.gic_rst.sckt_rd_rst_ic_reg_0[0]           |                5 |             22 |         4.40 |
|  u_gmii_to_rgmii/u_rgmii_rx/gmii_rx_clk | u_gmii_to_rgmii/u_rgmii_rx/u_iddr_rx_ctl_4                                                        | u_icmp/u_icmp_rx/sys_rst_n                                                                                                                    |                8 |             24 |         3.00 |
|  u_gmii_to_rgmii/u_rgmii_rx/gmii_rx_clk | u_icmp/u_icmp_rx/des_ip0                                                                          | u_icmp/u_icmp_rx/sys_rst_n                                                                                                                    |                5 |             24 |         4.80 |
|  u_gmii_to_rgmii/u_rgmii_rx/gmii_rx_clk | u_udp/u_udp_rx/des_ip0                                                                            | u_icmp/u_icmp_rx/sys_rst_n                                                                                                                    |                4 |             24 |         6.00 |
|  u_gmii_to_rgmii/u_rgmii_rx/gmii_rx_clk | u_udp/u_udp_rx/rec_data[7]_i_1_n_0                                                                | u_icmp/u_icmp_rx/sys_rst_n                                                                                                                    |                5 |             24 |         4.80 |
|  u_gmii_to_rgmii/u_rgmii_rx/gmii_rx_clk | u_icmp/u_icmp_tx/tx_data_num0                                                                     | u_icmp/u_icmp_rx/sys_rst_n                                                                                                                    |               11 |             31 |         2.82 |
|  u_gmii_to_rgmii/u_rgmii_rx/gmii_rx_clk | u_icmp/u_icmp_tx/ip_head[6][31]_i_1_n_0                                                           | u_icmp/u_icmp_tx/ip_head[4][29]_i_1_n_0                                                                                                       |               10 |             32 |         3.20 |
|  u_gmii_to_rgmii/u_rgmii_rx/gmii_rx_clk | u_udp/u_udp_tx/tx_done_reg_0[0]                                                                   | u_icmp/u_icmp_rx/sys_rst_n                                                                                                                    |               17 |             32 |         1.88 |
|  u_gmii_to_rgmii/u_rgmii_rx/gmii_rx_clk | u_arp/u_arp_rx/des_ip_t                                                                           | u_icmp/u_icmp_rx/sys_rst_n                                                                                                                    |                7 |             32 |         4.57 |
|  u_gmii_to_rgmii/u_rgmii_rx/gmii_rx_clk | u_icmp/u_icmp_tx/crc_en_reg_0[0]                                                                  | u_icmp/u_icmp_rx/sys_rst_n                                                                                                                    |               17 |             32 |         1.88 |
|  u_gmii_to_rgmii/u_rgmii_rx/gmii_rx_clk | u_udp/u_udp_tx/ip_head[6][31]_i_1__0_n_0                                                          |                                                                                                                                               |               15 |             32 |         2.13 |
|  u_gmii_to_rgmii/u_rgmii_rx/gmii_rx_clk | u_udp/u_udp_tx/ip_head[6][31]_i_1__0_n_0                                                          | u_udp/u_udp_tx/ip_head[4][29]_i_1__0_n_0                                                                                                      |               11 |             32 |         2.91 |
|  u_gmii_to_rgmii/u_rgmii_rx/gmii_rx_clk | u_icmp/u_icmp_tx/check_buffer_icmp0                                                               | u_icmp/u_icmp_rx/sys_rst_n                                                                                                                    |                6 |             32 |         5.33 |
|  u_gmii_to_rgmii/u_rgmii_rx/gmii_rx_clk | u_arp/u_arp_tx/E[0]                                                                               | u_icmp/u_icmp_rx/sys_rst_n                                                                                                                    |               19 |             32 |         1.68 |
|  u_gmii_to_rgmii/u_rgmii_rx/gmii_rx_clk | u_icmp/u_icmp_rx/reply_checksum_add0_0                                                            | u_icmp/u_icmp_rx/sys_rst_n                                                                                                                    |                9 |             32 |         3.56 |
|  u_gmii_to_rgmii/u_rgmii_rx/gmii_rx_clk | u_icmp/u_icmp_rx/reply_checksum0                                                                  | u_icmp/u_icmp_rx/sys_rst_n                                                                                                                    |               12 |             32 |         2.67 |
|  u_gmii_to_rgmii/u_rgmii_rx/gmii_rx_clk | u_arp/u_arp_rx/src_ip_t                                                                           | u_icmp/u_icmp_rx/sys_rst_n                                                                                                                    |               11 |             32 |         2.91 |
|  u_gmii_to_rgmii/u_rgmii_rx/gmii_rx_clk | u_async_fifo_2048x8b/U0/inst_fifo_gen/gconvfifo.rf/grf.rf/gntv_or_sync_fifo.gl0.wr/gwas.wsts/E[0] | u_async_fifo_2048x8b/U0/inst_fifo_gen/gconvfifo.rf/grf.rf/rstblk/AR[0]                                                                        |                6 |             33 |         5.50 |
|  u_gmii_to_rgmii/u_rgmii_rx/gmii_rx_clk | u_udp/u_udp_tx/tx_data_num0                                                                       | u_icmp/u_icmp_rx/sys_rst_n                                                                                                                    |               14 |             45 |         3.21 |
|  u_gmii_to_rgmii/u_rgmii_rx/gmii_rx_clk | u_arp/u_arp_rx/trig_tx_en_reg[0]                                                                  | u_icmp/u_icmp_rx/sys_rst_n                                                                                                                    |               11 |             48 |         4.36 |
|  u_gmii_to_rgmii/u_rgmii_rx/gmii_rx_clk | u_arp/u_arp_rx/E[0]                                                                               | u_icmp/u_icmp_rx/sys_rst_n                                                                                                                    |               11 |             48 |         4.36 |
|  u_gmii_to_rgmii/u_rgmii_rx/gmii_rx_clk | u_arp/u_arp_rx/des_mac_t0                                                                         | u_icmp/u_icmp_rx/sys_rst_n                                                                                                                    |               18 |             48 |         2.67 |
|  u_gmii_to_rgmii/u_rgmii_rx/gmii_rx_clk | u_arp/u_arp_rx/src_mac_t                                                                          | u_icmp/u_icmp_rx/sys_rst_n                                                                                                                    |               14 |             48 |         3.43 |
|  u_gmii_to_rgmii/u_rgmii_rx/gmii_rx_clk | u_icmp/u_icmp_rx/des_mac0                                                                         | u_icmp/u_icmp_rx/sys_rst_n                                                                                                                    |               10 |             48 |         4.80 |
|  u_gmii_to_rgmii/u_rgmii_rx/gmii_rx_clk | u_udp/u_udp_rx/des_mac0                                                                           | u_icmp/u_icmp_rx/sys_rst_n                                                                                                                    |               10 |             48 |         4.80 |
|  u_gmii_to_rgmii/u_rgmii_rx/gmii_rx_clk | u_icmp/u_icmp_tx/ip_head[6][31]_i_1_n_0                                                           |                                                                                                                                               |               14 |             49 |         3.50 |
|  u_gmii_to_rgmii/u_rgmii_rx/gmii_rx_clk | u_arp/u_arp_rx/tx_en_d2_reg[0]                                                                    | u_icmp/u_icmp_rx/sys_rst_n                                                                                                                    |               31 |             80 |         2.58 |
|  u_gmii_to_rgmii/u_rgmii_rx/gmii_rx_clk | u_arp/u_arp_rx/arp_rx_done_i_1_n_0                                                                | u_icmp/u_icmp_rx/sys_rst_n                                                                                                                    |               26 |             81 |         3.12 |
|  u_gmii_to_rgmii/u_rgmii_rx/gmii_rx_clk |                                                                                                   |                                                                                                                                               |               18 |             96 |         5.33 |
|  u_gmii_to_rgmii/u_rgmii_rx/gmii_rx_clk |                                                                                                   | u_icmp/u_icmp_rx/sys_rst_n                                                                                                                    |               56 |             97 |         1.73 |
+-----------------------------------------+---------------------------------------------------------------------------------------------------+-----------------------------------------------------------------------------------------------------------------------------------------------+------------------+----------------+--------------+


