Copyright 1986-2021 Xilinx, Inc. All Rights Reserved.
-------------------------------------------------------------------------------------------------------------------
| Tool Version : Vivado v.2021.1 (win64) Build 3247384 Thu Jun 10 19:36:33 MDT 2021
| Date         : Wed Jul 31 14:02:09 2024
| Host         : BF-202404122023 running 64-bit major release  (build 9200)
| Command      : report_utilization -file eth_udp_loop_utilization_synth.rpt -pb eth_udp_loop_utilization_synth.pb
| Design       : eth_udp_loop
| Device       : 7z020clg400-2
| Design State : Synthesized
-------------------------------------------------------------------------------------------------------------------

Utilization Design Information

Table of Contents
-----------------
1. Slice Logic
1.1 Summary of Registers by Type
2. Memory
3. DSP
4. IO and GT Specific
5. Clocking
6. Specific Feature
7. Primitives
8. Black Boxes
9. Instantiated Netlists

1. Slice Logic
--------------

+-------------------------+------+-------+------------+-----------+-------+
|        Site Type        | Used | Fixed | Prohibited | Available | Util% |
+-------------------------+------+-------+------------+-----------+-------+
| Slice LUTs*             | 2018 |     0 |          0 |     53200 |  3.79 |
|   LUT as Logic          | 2018 |     0 |          0 |     53200 |  3.79 |
|   LUT as Memory         |    0 |     0 |          0 |     17400 |  0.00 |
| Slice Registers         | 1538 |     0 |          0 |    106400 |  1.45 |
|   Register as Flip Flop | 1538 |     0 |          0 |    106400 |  1.45 |
|   Register as Latch     |    0 |     0 |          0 |    106400 |  0.00 |
| F7 Muxes                |    0 |     0 |          0 |     26600 |  0.00 |
| F8 Muxes                |    0 |     0 |          0 |     13300 |  0.00 |
+-------------------------+------+-------+------------+-----------+-------+
* Warning! The Final LUT count, after physical optimizations and full implementation, is typically lower. Run opt_design after synthesis, if not already completed, for a more realistic count.


1.1 Summary of Registers by Type
--------------------------------

+-------+--------------+-------------+--------------+
| Total | Clock Enable | Synchronous | Asynchronous |
+-------+--------------+-------------+--------------+
| 0     |            _ |           - |            - |
| 0     |            _ |           - |          Set |
| 0     |            _ |           - |        Reset |
| 0     |            _ |         Set |            - |
| 0     |            _ |       Reset |            - |
| 0     |          Yes |           - |            - |
| 257   |          Yes |           - |          Set |
| 1088  |          Yes |           - |        Reset |
| 20    |          Yes |         Set |            - |
| 173   |          Yes |       Reset |            - |
+-------+--------------+-------------+--------------+


2. Memory
---------

+----------------+------+-------+------------+-----------+-------+
|    Site Type   | Used | Fixed | Prohibited | Available | Util% |
+----------------+------+-------+------------+-----------+-------+
| Block RAM Tile |    0 |     0 |          0 |       140 |  0.00 |
|   RAMB36/FIFO* |    0 |     0 |          0 |       140 |  0.00 |
|   RAMB18       |    0 |     0 |          0 |       280 |  0.00 |
+----------------+------+-------+------------+-----------+-------+
* Note: Each Block RAM Tile only has one FIFO logic available and therefore can accommodate only one FIFO36E1 or one FIFO18E1. However, if a FIFO18E1 occupies a Block RAM Tile, that tile can still accommodate a RAMB18E1


3. DSP
------

+-----------+------+-------+------------+-----------+-------+
| Site Type | Used | Fixed | Prohibited | Available | Util% |
+-----------+------+-------+------------+-----------+-------+
| DSPs      |    0 |     0 |          0 |       220 |  0.00 |
+-----------+------+-------+------------+-----------+-------+


4. IO and GT Specific
---------------------

+-----------------------------+------+-------+------------+-----------+-------+
|          Site Type          | Used | Fixed | Prohibited | Available | Util% |
+-----------------------------+------+-------+------------+-----------+-------+
| Bonded IOB                  |   14 |     0 |          0 |       125 | 11.20 |
| Bonded IPADs                |    0 |     0 |          0 |         2 |  0.00 |
| Bonded IOPADs               |    0 |     0 |          0 |       130 |  0.00 |
| PHY_CONTROL                 |    0 |     0 |          0 |         4 |  0.00 |
| PHASER_REF                  |    0 |     0 |          0 |         4 |  0.00 |
| OUT_FIFO                    |    0 |     0 |          0 |        16 |  0.00 |
| IN_FIFO                     |    0 |     0 |          0 |        16 |  0.00 |
| IDELAYCTRL                  |    1 |     0 |          0 |         4 | 25.00 |
| IBUFDS                      |    0 |     0 |          0 |       121 |  0.00 |
| PHASER_OUT/PHASER_OUT_PHY   |    0 |     0 |          0 |        16 |  0.00 |
| PHASER_IN/PHASER_IN_PHY     |    0 |     0 |          0 |        16 |  0.00 |
| IDELAYE2/IDELAYE2_FINEDELAY |    5 |     0 |          0 |       200 |  2.50 |
|   IDELAYE2 only             |    5 |     0 |            |           |       |
| ILOGIC                      |    5 |     0 |          0 |       125 |  4.00 |
|   IDDR                      |    5 |       |            |           |       |
| OLOGIC                      |    5 |     0 |          0 |       125 |  4.00 |
|   ODDR                      |    5 |       |            |           |       |
+-----------------------------+------+-------+------------+-----------+-------+


5. Clocking
-----------

+--------------+------+-------+------------+-----------+-------+
|   Site Type  | Used | Fixed | Prohibited | Available | Util% |
+--------------+------+-------+------------+-----------+-------+
| BUFGCTRL     |    1 |     0 |          0 |        32 |  3.13 |
| BUFIO        |    1 |     0 |          0 |        16 |  6.25 |
|   BUFIO only |    1 |     0 |            |           |       |
| MMCME2_ADV   |    0 |     0 |          0 |         4 |  0.00 |
| PLLE2_ADV    |    0 |     0 |          0 |         4 |  0.00 |
| BUFMRCE      |    0 |     0 |          0 |         8 |  0.00 |
| BUFHCE       |    0 |     0 |          0 |        72 |  0.00 |
| BUFR         |    0 |     0 |          0 |        16 |  0.00 |
+--------------+------+-------+------------+-----------+-------+


6. Specific Feature
-------------------

+-------------+------+-------+------------+-----------+-------+
|  Site Type  | Used | Fixed | Prohibited | Available | Util% |
+-------------+------+-------+------------+-----------+-------+
| BSCANE2     |    0 |     0 |          0 |         4 |  0.00 |
| CAPTUREE2   |    0 |     0 |          0 |         1 |  0.00 |
| DNA_PORT    |    0 |     0 |          0 |         1 |  0.00 |
| EFUSE_USR   |    0 |     0 |          0 |         1 |  0.00 |
| FRAME_ECCE2 |    0 |     0 |          0 |         1 |  0.00 |
| ICAPE2      |    0 |     0 |          0 |         2 |  0.00 |
| STARTUPE2   |    0 |     0 |          0 |         1 |  0.00 |
| XADC        |    0 |     0 |          0 |         1 |  0.00 |
+-------------+------+-------+------------+-----------+-------+


7. Primitives
-------------

+------------+------+---------------------+
|  Ref Name  | Used | Functional Category |
+------------+------+---------------------+
| FDCE       | 1088 |        Flop & Latch |
| LUT6       |  764 |                 LUT |
| LUT5       |  398 |                 LUT |
| LUT2       |  358 |                 LUT |
| LUT4       |  302 |                 LUT |
| FDPE       |  257 |        Flop & Latch |
| LUT1       |  205 |                 LUT |
| CARRY4     |  194 |          CarryLogic |
| LUT3       |  193 |                 LUT |
| FDRE       |  173 |        Flop & Latch |
| FDSE       |   20 |        Flop & Latch |
| OBUF       |    7 |                  IO |
| IBUF       |    7 |                  IO |
| ODDR       |    5 |                  IO |
| IDELAYE2   |    5 |                  IO |
| IDDR       |    5 |                  IO |
| IDELAYCTRL |    1 |                  IO |
| BUFIO      |    1 |               Clock |
| BUFG       |    1 |               Clock |
+------------+------+---------------------+


8. Black Boxes
--------------

+--------------------+------+
|      Ref Name      | Used |
+--------------------+------+
| clk_wiz_0          |    1 |
| async_fifo_2048x8b |    1 |
+--------------------+------+


9. Instantiated Netlists
------------------------

+----------+------+
| Ref Name | Used |
+----------+------+


