# do {tb_udp_compile.do}
# ** Warning: (vlib-34) Library already exists at "modelsim_lib/work".
# ** Warning: (vlib-34) Library already exists at "modelsim_lib/msim".
# ** Warning: (vlib-34) Library already exists at "modelsim_lib/msim/xil_defaultlib".
# Model Technology ModelSim SE-64 vmap 10.5 Lib Mapping Utility 2016.02 Feb 13 2016
# vmap xil_defaultlib modelsim_lib/msim/xil_defaultlib 
# Modifying modelsim.ini
# Model Technology ModelSim SE-64 vlog 10.5 Compiler 2016.02 Feb 13 2016
# Start time: 17:01:41 on Jul 10,2023
# vlog -incr -work xil_defaultlib ../../../../../rtl/arp/crc32_d8.v ../../../../../rtl/udp/udp.v ../../../../../rtl/udp/udp_rx.v ../../../../../rtl/udp/udp_tx.v ../../../../../sim/tb/tb_udp.v 
# -- Skipping module crc32_d8
# -- Skipping module udp
# -- Skipping module udp_rx
# -- Compiling module udp_tx
# -- Skipping module tb_udp
# 
# Top level modules:
# 	tb_udp
# End time: 17:01:41 on Jul 10,2023, Elapsed time: 0:00:00
# Errors: 0, Warnings: 0
# Model Technology ModelSim SE-64 vlog 10.5 Compiler 2016.02 Feb 13 2016
# Start time: 17:01:41 on Jul 10,2023
# vlog -work xil_defaultlib glbl.v 
# -- Compiling module glbl
# 
# Top level modules:
# 	glbl
# End time: 17:01:41 on Jul 10,2023, Elapsed time: 0:00:00
# Errors: 0, Warnings: 0
